<?xml version="1.0" encoding="UTF-8"?>
<testng-results skipped="0" failed="0" total="1" passed="1">
  <reporter-output>
  </reporter-output>
  <suite name="Surefire suite" duration-ms="9132" started-at="2017-09-20T15:08:31Z" finished-at="2017-09-20T15:08:40Z">
    <groups>
      <group name="cucumber">
        <method signature="AbstractTestNGCucumberTests.feature(cucumber.api.testng.CucumberFeatureWrapper)[pri:0, instance:com.testrunner.SampleRunnerTest@3c09711b]" name="feature" class="cucumber.api.testng.AbstractTestNGCucumberTests"/>
      </group> <!-- cucumber -->
    </groups>
    <test name="Surefire test" duration-ms="9132" started-at="2017-09-20T15:08:31Z" finished-at="2017-09-20T15:08:40Z">
      <class name="com.testrunner.SampleRunnerTest">
        <test-method status="PASS" signature="setUpClass()[pri:0, instance:com.testrunner.SampleRunnerTest@3c09711b]" name="setUpClass" is-config="true" duration-ms="271" started-at="2017-09-20T20:38:31Z" finished-at="2017-09-20T20:38:31Z">
          <reporter-output>
          </reporter-output>
        </test-method> <!-- setUpClass -->
        <test-method status="PASS" signature="feature(cucumber.api.testng.CucumberFeatureWrapper)[pri:0, instance:com.testrunner.SampleRunnerTest@3c09711b]" name="feature" duration-ms="8720" started-at="2017-09-20T20:38:31Z" description="Runs Cucumber Feature" data-provider="features" finished-at="2017-09-20T20:38:40Z">
          <params>
            <param index="0">
              <value>
                <![CDATA[LoginModule]]>
              </value>
            </param>
          </params>
          <reporter-output>
          </reporter-output>
        </test-method> <!-- feature -->
        <test-method status="PASS" signature="tearDownClass()[pri:0, instance:com.testrunner.SampleRunnerTest@3c09711b]" name="tearDownClass" is-config="true" duration-ms="24" started-at="2017-09-20T20:38:40Z" finished-at="2017-09-20T20:38:40Z">
          <reporter-output>
          </reporter-output>
        </test-method> <!-- tearDownClass -->
      </class> <!-- com.testrunner.SampleRunnerTest -->
    </test> <!-- Surefire test -->
  </suite> <!-- Surefire suite -->
</testng-results>
